2018-01-26T09:47:28+00:00 CRITICAL Maximum execution time of 30 seconds exceeded

2018-01-28T18:40:31+00:00 CRITICAL Maximum execution time of 30 seconds exceeded

2018-01-28T18:40:34+00:00 CRITICAL Maximum execution time of 30 seconds exceeded

2018-01-28T18:41:00+00:00 CRITICAL Maximum execution time of 30 seconds exceeded

2018-01-29T20:40:35+00:00 CRITICAL Maximum execution time of 30 seconds exceeded

2018-01-29T20:42:13+00:00 CRITICAL Maximum execution time of 30 seconds exceeded

2018-01-29T22:19:44+00:00 CRITICAL Maximum execution time of 30 seconds exceeded

2018-01-30T03:01:05+00:00 CRITICAL Maximum execution time of 30 seconds exceeded

2018-01-30T03:30:51+00:00 CRITICAL Maximum execution time of 30 seconds exceeded

2018-01-30T13:01:50+00:00 CRITICAL Maximum execution time of 30 seconds exceeded

2018-01-30T13:43:11+00:00 CRITICAL Maximum execution time of 30 seconds exceeded

2018-01-30T14:46:28+00:00 CRITICAL Maximum execution time of 30 seconds exceeded

2018-01-30T16:05:19+00:00 CRITICAL Maximum execution time of 30 seconds exceeded

2018-01-31T14:17:18+00:00 CRITICAL Maximum execution time of 30 seconds exceeded

2018-01-31T18:13:02+00:00 CRITICAL Maximum execution time of 30 seconds exceeded

2018-01-31T18:13:41+00:00 CRITICAL Maximum execution time of 30 seconds exceeded

2018-01-31T19:27:26+00:00 CRITICAL Maximum execution time of 30 seconds exceeded

2018-02-01T03:53:56+00:00 CRITICAL Maximum execution time of 30 seconds exceeded

2018-02-06T15:00:27+00:00 CRITICAL Call to undefined function request_filesystem_credentials()

2018-02-07T21:45:29+00:00 CRITICAL Call to undefined function request_filesystem_credentials()

2018-02-08T02:45:56+00:00 CRITICAL Maximum execution time of 30 seconds exceeded

2018-02-08T17:58:22+00:00 CRITICAL Maximum execution time of 30 seconds exceeded

2018-02-08T17:59:08+00:00 CRITICAL Call to undefined function request_filesystem_credentials()

2018-02-09T12:19:28+00:00 CRITICAL Call to undefined function request_filesystem_credentials()

2018-02-10T01:51:59+00:00 CRITICAL Maximum execution time of 30 seconds exceeded

2018-02-10T01:52:10+00:00 CRITICAL Call to undefined function request_filesystem_credentials()

2018-02-10T12:15:24+00:00 CRITICAL Call to undefined function request_filesystem_credentials()

2018-02-11T20:45:45+00:00 CRITICAL Call to undefined function request_filesystem_credentials()

2018-02-12T13:34:36+00:00 CRITICAL Maximum execution time of 30 seconds exceeded

2018-02-12T13:43:56+00:00 CRITICAL Call to undefined function request_filesystem_credentials()

2018-02-12T20:16:01+00:00 CRITICAL Call to undefined function request_filesystem_credentials()

2018-02-13T12:05:37+00:00 CRITICAL Call to undefined function request_filesystem_credentials()

2018-02-13T22:39:44+00:00 CRITICAL Maximum execution time of 30 seconds exceeded

2018-02-13T22:40:17+00:00 CRITICAL Call to undefined function request_filesystem_credentials()

2018-02-16T03:13:12+00:00 CRITICAL Maximum execution time of 30 seconds exceeded

2018-02-16T17:10:27+00:00 CRITICAL Call to undefined function request_filesystem_credentials()

2018-02-17T15:43:06+00:00 CRITICAL Maximum execution time of 30 seconds exceeded

2018-02-17T15:46:25+00:00 CRITICAL Call to undefined function request_filesystem_credentials()

2018-02-17T17:17:11+00:00 CRITICAL Call to undefined function request_filesystem_credentials()

2018-02-17T20:04:42+00:00 CRITICAL Maximum execution time of 30 seconds exceeded

2018-02-18T19:13:20+00:00 CRITICAL Call to undefined function request_filesystem_credentials()

2018-02-19T20:15:03+00:00 CRITICAL Maximum execution time of 30 seconds exceeded

2018-02-22T12:16:03+00:00 CRITICAL Call to undefined function request_filesystem_credentials()

2018-02-22T18:17:50+00:00 CRITICAL Maximum execution time of 30 seconds exceeded

2018-02-23T00:24:17+00:00 CRITICAL Maximum execution time of 30 seconds exceeded

2018-02-25T04:17:58+00:00 CRITICAL Call to undefined function request_filesystem_credentials()

2018-02-26T14:28:19+00:00 CRITICAL Maximum execution time of 30 seconds exceeded

2018-02-26T14:32:05+00:00 CRITICAL Call to undefined function request_filesystem_credentials()

2018-02-26T16:07:50+00:00 CRITICAL Call to undefined function request_filesystem_credentials()

2018-02-26T22:34:02+00:00 CRITICAL Maximum execution time of 30 seconds exceeded

2018-02-27T00:52:18+00:00 CRITICAL Call to undefined function get_title()

2018-02-27T02:33:00+00:00 CRITICAL Call to undefined function the_tag()

2018-02-27T03:04:19+00:00 CRITICAL Maximum execution time of 30 seconds exceeded

2018-02-27T04:07:56+00:00 CRITICAL Call to undefined function request_filesystem_credentials()

2018-02-27T05:52:11+00:00 CRITICAL Maximum execution time of 30 seconds exceeded

2018-02-27T05:58:48+00:00 CRITICAL Maximum execution time of 30 seconds exceeded

2018-02-27T20:45:58+00:00 CRITICAL Maximum execution time of 30 seconds exceeded

2018-02-28T14:04:56+00:00 CRITICAL Call to undefined function request_filesystem_credentials()

2018-02-28T16:07:52+00:00 CRITICAL Call to undefined function request_filesystem_credentials()

2018-03-01T03:13:48+00:00 CRITICAL Maximum execution time of 30 seconds exceeded

2018-03-01T03:13:48+00:00 CRITICAL Maximum execution time of 30 seconds exceeded

2018-03-01T03:13:49+00:00 CRITICAL Maximum execution time of 30 seconds exceeded

2018-03-01T04:58:40+00:00 CRITICAL Call to undefined function request_filesystem_credentials()

2018-03-01T05:50:58+00:00 CRITICAL Maximum execution time of 30 seconds exceeded

2018-03-01T06:02:30+00:00 CRITICAL Maximum execution time of 30 seconds exceeded

2018-03-01T16:08:35+00:00 CRITICAL Call to undefined function request_filesystem_credentials()

2018-03-02T04:08:25+00:00 CRITICAL Call to undefined function request_filesystem_credentials()

2018-03-02T16:35:37+00:00 CRITICAL Call to undefined function request_filesystem_credentials()

2018-03-03T04:08:21+00:00 CRITICAL Call to undefined function request_filesystem_credentials()

2018-03-03T21:36:20+00:00 CRITICAL Call to undefined function request_filesystem_credentials()

2018-03-04T04:30:29+00:00 CRITICAL Maximum execution time of 30 seconds exceeded

2018-03-04T04:30:44+00:00 CRITICAL Call to undefined function request_filesystem_credentials()

2018-03-04T18:58:33+00:00 CRITICAL Maximum execution time of 30 seconds exceeded

2018-03-05T01:48:55+00:00 CRITICAL Maximum execution time of 30 seconds exceeded

2018-03-05T04:44:32+00:00 CRITICAL Call to undefined function request_filesystem_credentials()

2018-03-05T15:37:22+00:00 CRITICAL Maximum execution time of 30 seconds exceeded

2018-03-05T15:53:08+00:00 CRITICAL Maximum execution time of 30 seconds exceeded

2018-03-05T17:03:02+00:00 CRITICAL Call to undefined function request_filesystem_credentials()

2018-03-06T00:56:00+00:00 CRITICAL Maximum execution time of 30 seconds exceeded

2018-03-06T14:15:22+00:00 CRITICAL Call to undefined function request_filesystem_credentials()

2018-03-06T16:07:12+00:00 CRITICAL Call to undefined function request_filesystem_credentials()

2018-03-07T18:45:44+00:00 CRITICAL Maximum execution time of 30 seconds exceeded

2018-03-07T19:19:30+00:00 CRITICAL Call to undefined function request_filesystem_credentials()

2018-03-08T01:28:09+00:00 CRITICAL Maximum execution time of 30 seconds exceeded

2018-03-08T18:05:12+00:00 CRITICAL Maximum execution time of 30 seconds exceeded

2018-03-08T18:54:05+00:00 CRITICAL Call to undefined function request_filesystem_credentials()

2018-03-08T22:07:38+00:00 CRITICAL Maximum execution time of 30 seconds exceeded

2018-03-09T04:07:04+00:00 CRITICAL Call to undefined function request_filesystem_credentials()

2018-03-09T16:51:52+00:00 CRITICAL Call to undefined function request_filesystem_credentials()

2018-03-09T19:03:48+00:00 CRITICAL Maximum execution time of 30 seconds exceeded

2018-03-09T23:28:31+00:00 CRITICAL Maximum execution time of 30 seconds exceeded

2018-03-10T04:10:23+00:00 CRITICAL Call to undefined function request_filesystem_credentials()

2018-03-10T16:11:01+00:00 CRITICAL Call to undefined function request_filesystem_credentials()

2018-03-11T05:09:00+00:00 CRITICAL Maximum execution time of 30 seconds exceeded

2018-03-11T05:09:10+00:00 CRITICAL Call to undefined function request_filesystem_credentials()

2018-03-11T06:31:34+00:00 CRITICAL Maximum execution time of 30 seconds exceeded

2018-03-11T23:55:17+00:00 CRITICAL Maximum execution time of 30 seconds exceeded

2018-03-11T23:55:37+00:00 CRITICAL Call to undefined function request_filesystem_credentials()

2018-03-12T02:48:45+00:00 CRITICAL Maximum execution time of 30 seconds exceeded

2018-03-12T04:07:48+00:00 CRITICAL Call to undefined function request_filesystem_credentials()

2018-03-12T15:26:49+00:00 CRITICAL Maximum execution time of 30 seconds exceeded

2018-03-12T16:25:14+00:00 CRITICAL Call to undefined function request_filesystem_credentials()

2018-03-13T01:28:00+00:00 CRITICAL Maximum execution time of 30 seconds exceeded

2018-03-13T02:50:11+00:00 CRITICAL Maximum execution time of 30 seconds exceeded

2018-03-13T02:50:43+00:00 CRITICAL Maximum execution time of 30 seconds exceeded

2018-03-14T14:46:05+00:00 CRITICAL Call to undefined function request_filesystem_credentials()

2018-03-14T16:08:15+00:00 CRITICAL Call to undefined function request_filesystem_credentials()

2018-03-20T22:48:59+00:00 CRITICAL Call to undefined function request_filesystem_credentials()

2018-03-21T15:11:13+00:00 CRITICAL Call to undefined function request_filesystem_credentials()

2018-03-23T01:58:15+00:00 CRITICAL Call to undefined function request_filesystem_credentials()

2018-03-23T04:08:01+00:00 CRITICAL Call to undefined function request_filesystem_credentials()

2018-03-28T11:36:12+00:00 CRITICAL Call to undefined function request_filesystem_credentials()

2018-03-28T16:07:38+00:00 CRITICAL Call to undefined function request_filesystem_credentials()

2018-03-29T12:17:18+00:00 CRITICAL Call to undefined function request_filesystem_credentials()

2018-03-29T16:07:19+00:00 CRITICAL Call to undefined function request_filesystem_credentials()

2018-03-30T12:20:21+00:00 CRITICAL Call to undefined function request_filesystem_credentials()

2018-03-31T03:18:47+00:00 CRITICAL Call to undefined function request_filesystem_credentials()

2018-03-31T04:07:20+00:00 CRITICAL Call to undefined function request_filesystem_credentials()

2018-03-31T16:08:14+00:00 CRITICAL Call to undefined function request_filesystem_credentials()

2018-04-01T04:07:48+00:00 CRITICAL Call to undefined function request_filesystem_credentials()

2018-04-02T01:07:37+00:00 CRITICAL Call to undefined function request_filesystem_credentials()

2018-04-03T14:54:25+00:00 CRITICAL Call to undefined function request_filesystem_credentials()

2018-04-03T16:07:03+00:00 CRITICAL Call to undefined function request_filesystem_credentials()

2018-04-03T22:32:57+00:00 CRITICAL Call to undefined function the_field()

2018-04-04T11:25:57+00:00 CRITICAL Call to undefined function request_filesystem_credentials()

2018-04-04T16:07:58+00:00 CRITICAL Call to undefined function request_filesystem_credentials()

2018-04-05T04:09:01+00:00 CRITICAL Call to undefined function request_filesystem_credentials()

2018-04-05T19:42:12+00:00 CRITICAL Call to undefined function request_filesystem_credentials()

2018-04-06T11:07:28+00:00 CRITICAL Call to undefined function request_filesystem_credentials()

2018-04-06T16:07:09+00:00 CRITICAL Call to undefined function request_filesystem_credentials()

2018-04-07T17:30:32+00:00 CRITICAL Call to undefined function request_filesystem_credentials()

2018-04-07T21:49:30+00:00 CRITICAL Class 'WP_Bootstrap_Navwalker' not found

2018-04-07T21:49:51+00:00 CRITICAL Class 'WP_Bootstrap_Navwalker' not found

2018-04-09T16:07:37+00:00 CRITICAL Call to undefined function request_filesystem_credentials()

2018-04-10T11:25:25+00:00 CRITICAL Call to undefined function request_filesystem_credentials()

2018-04-10T16:07:32+00:00 CRITICAL Call to undefined function request_filesystem_credentials()

2018-04-11T12:44:38+00:00 CRITICAL Call to undefined function request_filesystem_credentials()

2018-04-11T16:31:39+00:00 CRITICAL Call to undefined function request_filesystem_credentials()

2018-04-12T13:21:54+00:00 CRITICAL Call to undefined function request_filesystem_credentials()

2018-04-12T16:22:12+00:00 CRITICAL Call to undefined function request_filesystem_credentials()

2018-04-13T10:34:46+00:00 CRITICAL Call to undefined function request_filesystem_credentials()

2018-04-13T16:15:12+00:00 CRITICAL Call to undefined function request_filesystem_credentials()

2018-04-22T01:50:37+00:00 CRITICAL Call to undefined function request_filesystem_credentials()

2018-04-22T12:19:08+00:00 CRITICAL Call to undefined function request_filesystem_credentials()

2018-04-22T14:41:41+00:00 CRITICAL Call to a member function the_post() on null

2018-04-22T16:32:43+00:00 CRITICAL Call to undefined function request_filesystem_credentials()

2018-06-09T09:14:29+00:00 CRITICAL Call to undefined function request_filesystem_credentials()

2018-06-19T11:22:53+00:00 CRITICAL Call to undefined function request_filesystem_credentials()

2018-06-20T13:40:53+00:00 CRITICAL Call to undefined function request_filesystem_credentials()

2018-06-26T13:06:03+00:00 CRITICAL Call to undefined function request_filesystem_credentials()

